[debug] [2025-11-18T07:03:29.255Z] ----------------------------------------------------------------------
[debug] [2025-11-18T07:03:29.258Z] Command:       C:\Program Files\nodejs\node.exe C:\Users\kdsam\AppData\Roaming\npm\node_modules\firebase-tools\lib\bin\firebase.js init hosting
[debug] [2025-11-18T07:03:29.258Z] CLI Version:   14.25.0
[debug] [2025-11-18T07:03:29.259Z] Platform:      win32
[debug] [2025-11-18T07:03:29.259Z] Node Version:  v22.19.0
[debug] [2025-11-18T07:03:29.259Z] Time:          Tue Nov 18 2025 15:03:29 GMT+0800 (台北標準時間)
[debug] [2025-11-18T07:03:29.259Z] ----------------------------------------------------------------------
[debug] 
[info] 
     ######## #### ########  ######## ########     ###     ######  ########
     ##        ##  ##     ## ##       ##     ##  ##   ##  ##       ##
     ######    ##  ########  ######   ########  #########  ######  ######
     ##        ##  ##    ##  ##       ##     ## ##     ##       ## ##
     ##       #### ##     ## ######## ########  ##     ##  ######  ########

You're about to initialize a Firebase project in this directory:

  C:\Users\kdsam\story-platform

[info] 
=== Project Setup
[info] 
[info] First, let's associate this project directory with a Firebase project.
[info] You can create multiple project aliases by running firebase use --add, 
[info] 
[debug] [2025-11-18T07:03:33.066Z] > command requires scopes: ["email","openid","https://www.googleapis.com/auth/cloudplatformprojects.readonly","https://www.googleapis.com/auth/firebase","https://www.googleapis.com/auth/cloud-platform"]
[debug] [2025-11-18T07:03:33.067Z] > authorizing via signed-in user (soupspoon4072@gmail.com)
[debug] [2025-11-18T07:03:33.069Z] Checked if tokens are valid: true, expires at: 1763452786427
[debug] [2025-11-18T07:03:33.069Z] Checked if tokens are valid: true, expires at: 1763452786427
[debug] [2025-11-18T07:03:33.071Z] >>> [apiv2][query] GET https://firebase.googleapis.com/v1beta1/projects/story-platform-f1dc7 [none]
[debug] [2025-11-18T07:03:33.549Z] <<< [apiv2][status] GET https://firebase.googleapis.com/v1beta1/projects/story-platform-f1dc7 200
[debug] [2025-11-18T07:03:33.549Z] <<< [apiv2][body] GET https://firebase.googleapis.com/v1beta1/projects/story-platform-f1dc7 {"projectId":"story-platform-f1dc7","projectNumber":"509542766760","displayName":"story-platform","name":"projects/story-platform-f1dc7","resources":{"hostingSite":"story-platform-f1dc7"},"state":"ACTIVE","etag":"1_be43e1ed-77de-42c5-87bf-9a9c602ed3d1"}
[info] i  Using project story-platform-f1dc7 (story-platform) . 
[info] 
=== Hosting Setup
[debug] [2025-11-18T07:03:33.567Z] Checked if tokens are valid: true, expires at: 1763452786427
[debug] [2025-11-18T07:03:33.567Z] Checked if tokens are valid: true, expires at: 1763452786427
[debug] [2025-11-18T07:03:33.567Z] >>> [apiv2][query] GET https://firebase.googleapis.com/v1beta1/projects/story-platform-f1dc7 [none]
[debug] [2025-11-18T07:03:33.848Z] <<< [apiv2][status] GET https://firebase.googleapis.com/v1beta1/projects/story-platform-f1dc7 200
[debug] [2025-11-18T07:03:33.848Z] <<< [apiv2][body] GET https://firebase.googleapis.com/v1beta1/projects/story-platform-f1dc7 {"projectId":"story-platform-f1dc7","projectNumber":"509542766760","displayName":"story-platform","name":"projects/story-platform-f1dc7","resources":{"hostingSite":"story-platform-f1dc7"},"state":"ACTIVE","etag":"1_be43e1ed-77de-42c5-87bf-9a9c602ed3d1"}
[info] 
[info] Your public directory is the folder (relative to your project directory) that
[info] will contain Hosting assets to be uploaded with firebase deploy. If you
[info] have a build process for your assets, use your build's output directory.
[info] 
